android-app/app/build/intermediates/manifest_merge_blame_file/debug/processDebugMainManifest/manifest-merger-blame-debug-report.txt
1<?xml version="1.0" encoding="utf-8"?>
2<manifest xmlns:android="http://schemas.android.com/apk/res/android"
3    package="com.example.summerveldhoundresort"
4    android:versionCode="1"
5    android:versionName="1.0" >
6
7    <uses-sdk
8        android:minSdkVersion="25"
9        android:targetSdkVersion="35" />
10
11    <!-- Permissions for image functionality -->
12    <uses-permission android:name="android.permission.INTERNET" />
12-->src\main\AndroidManifest.xml:6:5-67
12-->src\main\AndroidManifest.xml:6:22-64
13    <uses-permission android:name="android.permission.ACCESS_NETWORK_STATE" />
13-->src\main\AndroidManifest.xml:7:5-79
13-->src\main\AndroidManifest.xml:7:22-76
14    <uses-permission android:name="android.permission.CAMERA" />
14-->src\main\AndroidManifest.xml:8:5-65
14-->src\main\AndroidManifest.xml:8:22-62
15    <uses-permission android:name="android.permission.READ_EXTERNAL_STORAGE" />
15-->src\main\AndroidManifest.xml:9:5-80
15-->src\main\AndroidManifest.xml:9:22-77
16    <uses-permission
16-->src\main\AndroidManifest.xml:10:5-11:38
17        android:name="android.permission.WRITE_EXTERNAL_STORAGE"
17-->src\main\AndroidManifest.xml:10:22-78
18        android:maxSdkVersion="28" />
18-->src\main\AndroidManifest.xml:11:9-35
19
20    <queries>
20-->[com.github.dhaval2404:imagepicker:2.1] AndroidManifest.xml:9:5-19:15
21
22        <!-- Query Camera Packages -->
23        <intent>
23-->[com.github.dhaval2404:imagepicker:2.1] AndroidManifest.xml:12:9-14:18
24            <action android:name="android.media.action.IMAGE_CAPTURE" />
24-->[com.github.dhaval2404:imagepicker:2.1] AndroidManifest.xml:13:13-73
24-->[com.github.dhaval2404:imagepicker:2.1] AndroidManifest.xml:13:21-70
25        </intent>
26        <!-- Query Open Document -->
27        <intent>
27-->[com.github.dhaval2404:imagepicker:2.1] AndroidManifest.xml:16:9-18:18
28            <action android:name="android.intent.action.OPEN_DOCUMENT_TREE" />
28-->[com.github.dhaval2404:imagepicker:2.1] AndroidManifest.xml:17:13-79
28-->[com.github.dhaval2404:imagepicker:2.1] AndroidManifest.xml:17:21-76
29        </intent>
30    </queries>
31
32    <uses-permission android:name="android.permission.WAKE_LOCK" />
32-->[com.google.android.gms:play-services-measurement:22.5.0] AndroidManifest.xml:25:5-68
32-->[com.google.android.gms:play-services-measurement:22.5.0] AndroidManifest.xml:25:22-65
33    <uses-permission android:name="com.google.android.finsky.permission.BIND_GET_INSTALL_REFERRER_SERVICE" />
33-->[com.google.android.gms:play-services-measurement:22.5.0] AndroidManifest.xml:26:5-110
33-->[com.google.android.gms:play-services-measurement:22.5.0] AndroidManifest.xml:26:22-107
34    <uses-permission android:name="com.google.android.gms.permission.AD_ID" />
34-->[com.google.android.gms:play-services-measurement-impl:22.5.0] AndroidManifest.xml:27:5-79
34-->[com.google.android.gms:play-services-measurement-impl:22.5.0] AndroidManifest.xml:27:22-76
35    <uses-permission android:name="android.permission.ACCESS_ADSERVICES_ATTRIBUTION" />
35-->[com.google.android.gms:play-services-measurement-api:22.5.0] AndroidManifest.xml:26:5-88
35-->[com.google.android.gms:play-services-measurement-api:22.5.0] AndroidManifest.xml:26:22-85
36    <uses-permission android:name="android.permission.ACCESS_ADSERVICES_AD_ID" />
36-->[com.google.android.gms:play-services-measurement-api:22.5.0] AndroidManifest.xml:27:5-82
36-->[com.google.android.gms:play-services-measurement-api:22.5.0] AndroidManifest.xml:27:22-79
37    <uses-permission android:name="com.google.android.providers.gsf.permission.READ_GSERVICES" />
37-->[com.google.android.recaptcha:recaptcha:18.6.1] AndroidManifest.xml:9:5-98
37-->[com.google.android.recaptcha:recaptcha:18.6.1] AndroidManifest.xml:9:22-95
38
39    <permission
39-->[androidx.core:core:1.16.0] AndroidManifest.xml:22:5-24:47
40        android:name="com.example.summerveldhoundresort.DYNAMIC_RECEIVER_NOT_EXPORTED_PERMISSION"
40-->[androidx.core:core:1.16.0] AndroidManifest.xml:23:9-81
41        android:protectionLevel="signature" />
41-->[androidx.core:core:1.16.0] AndroidManifest.xml:24:9-44
42
43    <uses-permission android:name="com.example.summerveldhoundresort.DYNAMIC_RECEIVER_NOT_EXPORTED_PERMISSION" />
43-->[androidx.core:core:1.16.0] AndroidManifest.xml:26:5-97
43-->[androidx.core:core:1.16.0] AndroidManifest.xml:26:22-94
44
45    <application
45-->src\main\AndroidManifest.xml:13:5-63:19
46        android:name="com.example.summerveldhoundresort.SummerveldApplication"
46-->src\main\AndroidManifest.xml:14:9-46
47        android:allowBackup="true"
47-->src\main\AndroidManifest.xml:15:9-35
48        android:appComponentFactory="androidx.core.app.CoreComponentFactory"
48-->[androidx.core:core:1.16.0] AndroidManifest.xml:28:18-86
49        android:dataExtractionRules="@xml/data_extraction_rules"
49-->src\main\AndroidManifest.xml:16:9-65
50        android:debuggable="true"
51        android:extractNativeLibs="false"
52        android:fullBackupContent="@xml/backup_rules"
52-->src\main\AndroidManifest.xml:17:9-54
53        android:icon="@mipmap/ic_launcher"
53-->src\main\AndroidManifest.xml:18:9-43
54        android:label="@string/app_name"
54-->src\main\AndroidManifest.xml:19:9-41
55        android:roundIcon="@mipmap/ic_launcher_round"
55-->src\main\AndroidManifest.xml:20:9-54
56        android:supportsRtl="true"
56-->src\main\AndroidManifest.xml:21:9-35
57        android:testOnly="true"
58        android:theme="@style/Theme.SummerveldHoundResort"
58-->src\main\AndroidManifest.xml:22:9-59
59        android:usesCleartextTraffic="false" >
59-->src\main\AndroidManifest.xml:23:9-45
60
61        <!-- Google Services Configuration -->
62        <meta-data
62-->src\main\AndroidManifest.xml:27:9-29:69
63            android:name="com.google.android.gms.version"
63-->src\main\AndroidManifest.xml:28:13-58
64            android:value="@integer/google_play_services_version" />
64-->src\main\AndroidManifest.xml:29:13-66
65
66        <activity
66-->src\main\AndroidManifest.xml:30:9-32:39
67            android:name="com.example.summerveldhoundresort.AddEventActivity"
67-->src\main\AndroidManifest.xml:31:13-45
68            android:exported="true" />
68-->src\main\AndroidManifest.xml:32:13-36
69        <activity
69-->src\main\AndroidManifest.xml:33:9-35:39
70            android:name="com.example.summerveldhoundresort.ManageEventsActivity"
70-->src\main\AndroidManifest.xml:34:13-49
71            android:exported="true" />
71-->src\main\AndroidManifest.xml:35:13-36
72        <activity
72-->src\main\AndroidManifest.xml:36:9-38:39
73            android:name="com.example.summerveldhoundresort.AdminActivity"
73-->src\main\AndroidManifest.xml:37:13-42
74            android:exported="true" /> <!-- <activity -->
74-->src\main\AndroidManifest.xml:38:13-36
75        <!-- android:name=".MainActivity2" -->
76        <!-- android:exported="false" -->
77        <!-- android:theme="@style/Theme.SummerveldHoundResort" /> -->
78        <activity
78-->src\main\AndroidManifest.xml:42:9-50:20
79            android:name="com.example.summerveldhoundresort.ui.auth.AuthActivity"
79-->src\main\AndroidManifest.xml:43:13-49
80            android:exported="true" >
80-->src\main\AndroidManifest.xml:44:13-36
81            <intent-filter>
81-->src\main\AndroidManifest.xml:45:13-49:29
82                <action android:name="android.intent.action.MAIN" />
82-->src\main\AndroidManifest.xml:46:17-69
82-->src\main\AndroidManifest.xml:46:25-66
83
84                <category android:name="android.intent.category.LAUNCHER" />
84-->src\main\AndroidManifest.xml:48:17-77
84-->src\main\AndroidManifest.xml:48:27-74
85            </intent-filter>
86        </activity>
87        <activity
87-->src\main\AndroidManifest.xml:51:9-62:20
88            android:name="com.example.summerveldhoundresort.MainActivity"
88-->src\main\AndroidManifest.xml:52:13-41
89            android:exported="true"
89-->src\main\AndroidManifest.xml:53:13-36
90            android:label="@string/app_name" >
90-->src\main\AndroidManifest.xml:54:13-45
91
92            <!-- <intent-filter> -->
93            <!-- <action android:name="android.intent.action.MAIN" /> -->
94
95
96            <!-- <category android:name="android.intent.category.LAUNCHER" /> -->
97            <!-- </intent-filter> -->
98        </activity>
99        <activity
99-->[com.github.dhaval2404:imagepicker:2.1] AndroidManifest.xml:22:9-25:68
100            android:name="com.github.dhaval2404.imagepicker.ImagePickerActivity"
100-->[com.github.dhaval2404:imagepicker:2.1] AndroidManifest.xml:23:13-81
101            android:screenOrientation="unspecified"
101-->[com.github.dhaval2404:imagepicker:2.1] AndroidManifest.xml:24:13-52
102            android:theme="@style/Theme.Transparent.ImagePicker" />
102-->[com.github.dhaval2404:imagepicker:2.1] AndroidManifest.xml:25:13-65
103        <activity
103-->[com.github.dhaval2404:imagepicker:2.1] AndroidManifest.xml:26:9-29:72
104            android:name="com.yalantis.ucrop.UCropActivity"
104-->[com.github.dhaval2404:imagepicker:2.1] AndroidManifest.xml:27:13-60
105            android:screenOrientation="portrait"
105-->[com.github.dhaval2404:imagepicker:2.1] AndroidManifest.xml:28:13-49
106            android:theme="@style/Theme.AppCompat.Light.NoActionBar" />
106-->[com.github.dhaval2404:imagepicker:2.1] AndroidManifest.xml:29:13-69
107
108        <provider
108-->[com.github.dhaval2404:imagepicker:2.1] AndroidManifest.xml:31:9-39:20
109            android:name="com.github.dhaval2404.imagepicker.ImagePickerFileProvider"
109-->[com.github.dhaval2404:imagepicker:2.1] AndroidManifest.xml:32:13-85
110            android:authorities="com.example.summerveldhoundresort.imagepicker.provider"
110-->[com.github.dhaval2404:imagepicker:2.1] AndroidManifest.xml:33:13-72
111            android:exported="false"
111-->[com.github.dhaval2404:imagepicker:2.1] AndroidManifest.xml:34:13-37
112            android:grantUriPermissions="true" >
112-->[com.github.dhaval2404:imagepicker:2.1] AndroidManifest.xml:35:13-47
113            <meta-data
113-->[com.github.dhaval2404:imagepicker:2.1] AndroidManifest.xml:36:13-38:71
114                android:name="android.support.FILE_PROVIDER_PATHS"
114-->[com.github.dhaval2404:imagepicker:2.1] AndroidManifest.xml:37:17-67
115                android:resource="@xml/image_picker_provider_paths" />
115-->[com.github.dhaval2404:imagepicker:2.1] AndroidManifest.xml:38:17-68
116        </provider>
117
118        <service
118-->[com.google.firebase:firebase-auth-ktx:23.2.1] AndroidManifest.xml:8:9-14:19
119            android:name="com.google.firebase.components.ComponentDiscoveryService"
119-->[com.google.firebase:firebase-auth-ktx:23.2.1] AndroidManifest.xml:9:13-84
120            android:directBootAware="true"
120-->[com.google.firebase:firebase-common:21.0.0] AndroidManifest.xml:32:13-43
121            android:exported="false" >
121-->[com.google.firebase:firebase-auth-ktx:23.2.1] AndroidManifest.xml:10:13-37
122            <meta-data
122-->[com.google.firebase:firebase-auth-ktx:23.2.1] AndroidManifest.xml:11:13-13:85
123                android:name="com.google.firebase.components:com.google.firebase.auth.ktx.FirebaseAuthLegacyRegistrar"
123-->[com.google.firebase:firebase-auth-ktx:23.2.1] AndroidManifest.xml:12:17-119
124                android:value="com.google.firebase.components.ComponentRegistrar" />
124-->[com.google.firebase:firebase-auth-ktx:23.2.1] AndroidManifest.xml:13:17-82
125            <meta-data
125-->[com.google.firebase:firebase-auth:23.2.1] AndroidManifest.xml:69:13-71:85
126                android:name="com.google.firebase.components:com.google.firebase.auth.FirebaseAuthRegistrar"
126-->[com.google.firebase:firebase-auth:23.2.1] AndroidManifest.xml:70:17-109
127                android:value="com.google.firebase.components.ComponentRegistrar" />
127-->[com.google.firebase:firebase-auth:23.2.1] AndroidManifest.xml:71:17-82
128            <meta-data
128-->[com.google.firebase:firebase-firestore:25.1.4] AndroidManifest.xml:17:13-19:85
129                android:name="com.google.firebase.components:com.google.firebase.firestore.FirebaseFirestoreKtxRegistrar"
129-->[com.google.firebase:firebase-firestore:25.1.4] AndroidManifest.xml:18:17-122
130                android:value="com.google.firebase.components.ComponentRegistrar" />
130-->[com.google.firebase:firebase-firestore:25.1.4] AndroidManifest.xml:19:17-82
131            <meta-data
131-->[com.google.firebase:firebase-firestore:25.1.4] AndroidManifest.xml:20:13-22:85
132                android:name="com.google.firebase.components:com.google.firebase.firestore.FirestoreRegistrar"
132-->[com.google.firebase:firebase-firestore:25.1.4] AndroidManifest.xml:21:17-111
133                android:value="com.google.firebase.components.ComponentRegistrar" />
133-->[com.google.firebase:firebase-firestore:25.1.4] AndroidManifest.xml:22:17-82
134            <meta-data
134-->[com.google.firebase:firebase-storage-ktx:21.0.2] AndroidManifest.xml:12:13-14:85
135                android:name="com.google.firebase.components:com.google.firebase.storage.ktx.FirebaseStorageLegacyRegistrar"
135-->[com.google.firebase:firebase-storage-ktx:21.0.2] AndroidManifest.xml:13:17-125
136                android:value="com.google.firebase.components.ComponentRegistrar" />
136-->[com.google.firebase:firebase-storage-ktx:21.0.2] AndroidManifest.xml:14:17-82
137            <meta-data
137-->[com.google.firebase:firebase-storage:21.0.2] AndroidManifest.xml:30:13-32:85
138                android:name="com.google.firebase.components:com.google.firebase.storage.FirebaseStorageKtxRegistrar"
138-->[com.google.firebase:firebase-storage:21.0.2] AndroidManifest.xml:31:17-118
139                android:value="com.google.firebase.components.ComponentRegistrar" />
139-->[com.google.firebase:firebase-storage:21.0.2] AndroidManifest.xml:32:17-82
140            <meta-data
140-->[com.google.firebase:firebase-storage:21.0.2] AndroidManifest.xml:33:13-35:85
141                android:name="com.google.firebase.components:com.google.firebase.storage.StorageRegistrar"
141-->[com.google.firebase:firebase-storage:21.0.2] AndroidManifest.xml:34:17-107
142                android:value="com.google.firebase.components.ComponentRegistrar" />
142-->[com.google.firebase:firebase-storage:21.0.2] AndroidManifest.xml:35:17-82
143            <meta-data
143-->[com.google.firebase:firebase-appcheck:18.0.0] AndroidManifest.xml:25:13-27:85
144                android:name="com.google.firebase.components:com.google.firebase.appcheck.FirebaseAppCheckKtxRegistrar"
144-->[com.google.firebase:firebase-appcheck:18.0.0] AndroidManifest.xml:26:17-120
145                android:value="com.google.firebase.components.ComponentRegistrar" />
145-->[com.google.firebase:firebase-appcheck:18.0.0] AndroidManifest.xml:27:17-82
146            <meta-data
146-->[com.google.firebase:firebase-appcheck:18.0.0] AndroidManifest.xml:28:13-30:85
147                android:name="com.google.firebase.components:com.google.firebase.appcheck.FirebaseAppCheckRegistrar"
147-->[com.google.firebase:firebase-appcheck:18.0.0] AndroidManifest.xml:29:17-117
148                android:value="com.google.firebase.components.ComponentRegistrar" />
148-->[com.google.firebase:firebase-appcheck:18.0.0] AndroidManifest.xml:30:17-82
149            <meta-data
149-->[com.google.android.gms:play-services-measurement-api:22.5.0] AndroidManifest.xml:33:13-35:85
150                android:name="com.google.firebase.components:com.google.firebase.analytics.connector.internal.AnalyticsConnectorRegistrar"
150-->[com.google.android.gms:play-services-measurement-api:22.5.0] AndroidManifest.xml:34:17-139
151                android:value="com.google.firebase.components.ComponentRegistrar" />
151-->[com.google.android.gms:play-services-measurement-api:22.5.0] AndroidManifest.xml:35:17-82
152            <meta-data
152-->[com.google.firebase:firebase-installations:18.0.0] AndroidManifest.xml:15:13-17:85
153                android:name="com.google.firebase.components:com.google.firebase.installations.FirebaseInstallationsKtxRegistrar"
153-->[com.google.firebase:firebase-installations:18.0.0] AndroidManifest.xml:16:17-130
154                android:value="com.google.firebase.components.ComponentRegistrar" />
154-->[com.google.firebase:firebase-installations:18.0.0] AndroidManifest.xml:17:17-82
155            <meta-data
155-->[com.google.firebase:firebase-installations:18.0.0] AndroidManifest.xml:18:13-20:85
156                android:name="com.google.firebase.components:com.google.firebase.installations.FirebaseInstallationsRegistrar"
156-->[com.google.firebase:firebase-installations:18.0.0] AndroidManifest.xml:19:17-127
157                android:value="com.google.firebase.components.ComponentRegistrar" />
157-->[com.google.firebase:firebase-installations:18.0.0] AndroidManifest.xml:20:17-82
158            <meta-data
158-->[com.google.firebase:firebase-common-ktx:21.0.0] AndroidManifest.xml:12:13-14:85
159                android:name="com.google.firebase.components:com.google.firebase.ktx.FirebaseCommonLegacyRegistrar"
159-->[com.google.firebase:firebase-common-ktx:21.0.0] AndroidManifest.xml:13:17-116
160                android:value="com.google.firebase.components.ComponentRegistrar" />
160-->[com.google.firebase:firebase-common-ktx:21.0.0] AndroidManifest.xml:14:17-82
161            <meta-data
161-->[com.google.firebase:firebase-common:21.0.0] AndroidManifest.xml:35:13-37:85
162                android:name="com.google.firebase.components:com.google.firebase.FirebaseCommonKtxRegistrar"
162-->[com.google.firebase:firebase-common:21.0.0] AndroidManifest.xml:36:17-109
163                android:value="com.google.firebase.components.ComponentRegistrar" />
163-->[com.google.firebase:firebase-common:21.0.0] AndroidManifest.xml:37:17-82
164        </service>
165
166        <activity
166-->[com.google.firebase:firebase-auth:23.2.1] AndroidManifest.xml:29:9-46:20
167            android:name="com.google.firebase.auth.internal.GenericIdpActivity"
167-->[com.google.firebase:firebase-auth:23.2.1] AndroidManifest.xml:30:13-80
168            android:excludeFromRecents="true"
168-->[com.google.firebase:firebase-auth:23.2.1] AndroidManifest.xml:31:13-46
169            android:exported="true"
169-->[com.google.firebase:firebase-auth:23.2.1] AndroidManifest.xml:32:13-36
170            android:launchMode="singleTask"
170-->[com.google.firebase:firebase-auth:23.2.1] AndroidManifest.xml:33:13-44
171            android:theme="@android:style/Theme.Translucent.NoTitleBar" >
171-->[com.google.firebase:firebase-auth:23.2.1] AndroidManifest.xml:34:13-72
172            <intent-filter>
172-->[com.google.firebase:firebase-auth:23.2.1] AndroidManifest.xml:35:13-45:29
173                <action android:name="android.intent.action.VIEW" />
173-->[com.google.firebase:firebase-auth:23.2.1] AndroidManifest.xml:36:17-69
173-->[com.google.firebase:firebase-auth:23.2.1] AndroidManifest.xml:36:25-66
174
175                <category android:name="android.intent.category.DEFAULT" />
175-->[com.google.firebase:firebase-auth:23.2.1] AndroidManifest.xml:38:17-76
175-->[com.google.firebase:firebase-auth:23.2.1] AndroidManifest.xml:38:27-73
176                <category android:name="android.intent.category.BROWSABLE" />
176-->[com.google.firebase:firebase-auth:23.2.1] AndroidManifest.xml:39:17-78
176-->[com.google.firebase:firebase-auth:23.2.1] AndroidManifest.xml:39:27-75
177
178                <data
178-->[com.google.firebase:firebase-auth:23.2.1] AndroidManifest.xml:41:17-44:51
179                    android:host="firebase.auth"
179-->[com.google.firebase:firebase-auth:23.2.1] AndroidManifest.xml:42:21-49
180                    android:path="/"
180-->[com.google.firebase:firebase-auth:23.2.1] AndroidManifest.xml:43:21-37
181                    android:scheme="genericidp" />
181-->[com.google.firebase:firebase-auth:23.2.1] AndroidManifest.xml:44:21-48
182            </intent-filter>
183        </activity>
184        <activity
184-->[com.google.firebase:firebase-auth:23.2.1] AndroidManifest.xml:47:9-64:20
185            android:name="com.google.firebase.auth.internal.RecaptchaActivity"
185-->[com.google.firebase:firebase-auth:23.2.1] AndroidManifest.xml:48:13-79
186            android:excludeFromRecents="true"
186-->[com.google.firebase:firebase-auth:23.2.1] AndroidManifest.xml:49:13-46
187            android:exported="true"
187-->[com.google.firebase:firebase-auth:23.2.1] AndroidManifest.xml:50:13-36
188            android:launchMode="singleTask"
188-->[com.google.firebase:firebase-auth:23.2.1] AndroidManifest.xml:51:13-44
189            android:theme="@android:style/Theme.Translucent.NoTitleBar" >
189-->[com.google.firebase:firebase-auth:23.2.1] AndroidManifest.xml:52:13-72
190            <intent-filter>
190-->[com.google.firebase:firebase-auth:23.2.1] AndroidManifest.xml:53:13-63:29
191                <action android:name="android.intent.action.VIEW" />
191-->[com.google.firebase:firebase-auth:23.2.1] AndroidManifest.xml:36:17-69
191-->[com.google.firebase:firebase-auth:23.2.1] AndroidManifest.xml:36:25-66
192
193                <category android:name="android.intent.category.DEFAULT" />
193-->[com.google.firebase:firebase-auth:23.2.1] AndroidManifest.xml:38:17-76
193-->[com.google.firebase:firebase-auth:23.2.1] AndroidManifest.xml:38:27-73
194                <category android:name="android.intent.category.BROWSABLE" />
194-->[com.google.firebase:firebase-auth:23.2.1] AndroidManifest.xml:39:17-78
194-->[com.google.firebase:firebase-auth:23.2.1] AndroidManifest.xml:39:27-75
195
196                <data
196-->[com.google.firebase:firebase-auth:23.2.1] AndroidManifest.xml:41:17-44:51
197                    android:host="firebase.auth"
197-->[com.google.firebase:firebase-auth:23.2.1] AndroidManifest.xml:42:21-49
198                    android:path="/"
198-->[com.google.firebase:firebase-auth:23.2.1] AndroidManifest.xml:43:21-37
199                    android:scheme="recaptcha" />
199-->[com.google.firebase:firebase-auth:23.2.1] AndroidManifest.xml:44:21-48
200            </intent-filter>
201        </activity>
202
203        <service
203-->[androidx.credentials:credentials-play-services-auth:1.2.0-rc01] AndroidManifest.xml:24:9-32:19
204            android:name="androidx.credentials.playservices.CredentialProviderMetadataHolder"
204-->[androidx.credentials:credentials-play-services-auth:1.2.0-rc01] AndroidManifest.xml:25:13-94
205            android:enabled="true"
205-->[androidx.credentials:credentials-play-services-auth:1.2.0-rc01] AndroidManifest.xml:26:13-35
206            android:exported="false" >
206-->[androidx.credentials:credentials-play-services-auth:1.2.0-rc01] AndroidManifest.xml:27:13-37
207            <meta-data
207-->[androidx.credentials:credentials-play-services-auth:1.2.0-rc01] AndroidManifest.xml:29:13-31:104
208                android:name="androidx.credentials.CREDENTIAL_PROVIDER_KEY"
208-->[androidx.credentials:credentials-play-services-auth:1.2.0-rc01] AndroidManifest.xml:30:17-76
209                android:value="androidx.credentials.playservices.CredentialProviderPlayServicesImpl" />
209-->[androidx.credentials:credentials-play-services-auth:1.2.0-rc01] AndroidManifest.xml:31:17-101
210        </service>
211
212        <activity
212-->[androidx.credentials:credentials-play-services-auth:1.2.0-rc01] AndroidManifest.xml:34:9-41:20
213            android:name="androidx.credentials.playservices.HiddenActivity"
213-->[androidx.credentials:credentials-play-services-auth:1.2.0-rc01] AndroidManifest.xml:35:13-76
214            android:configChanges="orientation|screenSize|screenLayout|keyboardHidden"
214-->[androidx.credentials:credentials-play-services-auth:1.2.0-rc01] AndroidManifest.xml:36:13-87
215            android:enabled="true"
215-->[androidx.credentials:credentials-play-services-auth:1.2.0-rc01] AndroidManifest.xml:37:13-35
216            android:exported="false"
216-->[androidx.credentials:credentials-play-services-auth:1.2.0-rc01] AndroidManifest.xml:38:13-37
217            android:fitsSystemWindows="true"
217-->[androidx.credentials:credentials-play-services-auth:1.2.0-rc01] AndroidManifest.xml:39:13-45
218            android:theme="@style/Theme.Hidden" >
218-->[androidx.credentials:credentials-play-services-auth:1.2.0-rc01] AndroidManifest.xml:40:13-48
219        </activity>
220        <activity
220-->[com.google.android.gms:play-services-auth:21.2.0] AndroidManifest.xml:23:9-27:75
221            android:name="com.google.android.gms.auth.api.signin.internal.SignInHubActivity"
221-->[com.google.android.gms:play-services-auth:21.2.0] AndroidManifest.xml:24:13-93
222            android:excludeFromRecents="true"
222-->[com.google.android.gms:play-services-auth:21.2.0] AndroidManifest.xml:25:13-46
223            android:exported="false"
223-->[com.google.android.gms:play-services-auth:21.2.0] AndroidManifest.xml:26:13-37
224            android:theme="@android:style/Theme.Translucent.NoTitleBar" />
224-->[com.google.android.gms:play-services-auth:21.2.0] AndroidManifest.xml:27:13-72
225        <!--
226            Service handling Google Sign-In user revocation. For apps that do not integrate with
227            Google Sign-In, this service will never be started.
228        -->
229        <service
229-->[com.google.android.gms:play-services-auth:21.2.0] AndroidManifest.xml:33:9-37:51
230            android:name="com.google.android.gms.auth.api.signin.RevocationBoundService"
230-->[com.google.android.gms:play-services-auth:21.2.0] AndroidManifest.xml:34:13-89
231            android:exported="true"
231-->[com.google.android.gms:play-services-auth:21.2.0] AndroidManifest.xml:35:13-36
232            android:permission="com.google.android.gms.auth.api.signin.permission.REVOCATION_NOTIFICATION"
232-->[com.google.android.gms:play-services-auth:21.2.0] AndroidManifest.xml:36:13-107
233            android:visibleToInstantApps="true" />
233-->[com.google.android.gms:play-services-auth:21.2.0] AndroidManifest.xml:37:13-48
234
235        <receiver
235-->[com.google.android.gms:play-services-measurement:22.5.0] AndroidManifest.xml:29:9-33:20
236            android:name="com.google.android.gms.measurement.AppMeasurementReceiver"
236-->[com.google.android.gms:play-services-measurement:22.5.0] AndroidManifest.xml:30:13-85
237            android:enabled="true"
237-->[com.google.android.gms:play-services-measurement:22.5.0] AndroidManifest.xml:31:13-35
238            android:exported="false" >
238-->[com.google.android.gms:play-services-measurement:22.5.0] AndroidManifest.xml:32:13-37
239        </receiver>
240
241        <service
241-->[com.google.android.gms:play-services-measurement:22.5.0] AndroidManifest.xml:35:9-38:40
242            android:name="com.google.android.gms.measurement.AppMeasurementService"
242-->[com.google.android.gms:play-services-measurement:22.5.0] AndroidManifest.xml:36:13-84
243            android:enabled="true"
243-->[com.google.android.gms:play-services-measurement:22.5.0] AndroidManifest.xml:37:13-35
244            android:exported="false" />
244-->[com.google.android.gms:play-services-measurement:22.5.0] AndroidManifest.xml:38:13-37
245        <service
245-->[com.google.android.gms:play-services-measurement:22.5.0] AndroidManifest.xml:39:9-43:72
246            android:name="com.google.android.gms.measurement.AppMeasurementJobService"
246-->[com.google.android.gms:play-services-measurement:22.5.0] AndroidManifest.xml:40:13-87
247            android:enabled="true"
247-->[com.google.android.gms:play-services-measurement:22.5.0] AndroidManifest.xml:41:13-35
248            android:exported="false"
248-->[com.google.android.gms:play-services-measurement:22.5.0] AndroidManifest.xml:42:13-37
249            android:permission="android.permission.BIND_JOB_SERVICE" />
249-->[com.google.android.gms:play-services-measurement:22.5.0] AndroidManifest.xml:43:13-69
250
251        <activity
251-->[com.google.android.gms:play-services-base:18.5.0] AndroidManifest.xml:5:9-173
252            android:name="com.google.android.gms.common.api.GoogleApiActivity"
252-->[com.google.android.gms:play-services-base:18.5.0] AndroidManifest.xml:5:19-85
253            android:exported="false"
253-->[com.google.android.gms:play-services-base:18.5.0] AndroidManifest.xml:5:146-170
254            android:theme="@android:style/Theme.Translucent.NoTitleBar" />
254-->[com.google.android.gms:play-services-base:18.5.0] AndroidManifest.xml:5:86-145
255
256        <provider
256-->[com.google.firebase:firebase-common:21.0.0] AndroidManifest.xml:23:9-28:39
257            android:name="com.google.firebase.provider.FirebaseInitProvider"
257-->[com.google.firebase:firebase-common:21.0.0] AndroidManifest.xml:24:13-77
258            android:authorities="com.example.summerveldhoundresort.firebaseinitprovider"
258-->[com.google.firebase:firebase-common:21.0.0] AndroidManifest.xml:25:13-72
259            android:directBootAware="true"
259-->[com.google.firebase:firebase-common:21.0.0] AndroidManifest.xml:26:13-43
260            android:exported="false"
260-->[com.google.firebase:firebase-common:21.0.0] AndroidManifest.xml:27:13-37
261            android:initOrder="100" />
261-->[com.google.firebase:firebase-common:21.0.0] AndroidManifest.xml:28:13-36
262
263        <uses-library
263-->[androidx.wear.compose:compose-foundation:1.5.1] AndroidManifest.xml:23:9-25:40
264            android:name="wear-sdk"
264-->[androidx.wear.compose:compose-foundation:1.5.1] AndroidManifest.xml:24:13-36
265            android:required="false" />
265-->[androidx.wear.compose:compose-foundation:1.5.1] AndroidManifest.xml:25:13-37
266        <uses-library
266-->[androidx.window:window:1.0.0] AndroidManifest.xml:25:9-27:40
267            android:name="androidx.window.extensions"
267-->[androidx.window:window:1.0.0] AndroidManifest.xml:26:13-54
268            android:required="false" />